{"total": {"lines":{"total":68,"covered":13,"skipped":0,"pct":19.12},"statements":{"total":90,"covered":18,"skipped":0,"pct":20},"functions":{"total":12,"covered":3,"skipped":0,"pct":25},"branches":{"total":17,"covered":1,"skipped":0,"pct":5.88}}
,"D:\\www\\gostack2k20\\aulas\\GoBarber\\back-end\\src\\modules\\appointments\\services\\CreateAppointmentService.ts": {"lines":{"total":14,"covered":13,"skipped":0,"pct":92.86},"functions":{"total":3,"covered":3,"skipped":0,"pct":100},"statements":{"total":19,"covered":18,"skipped":0,"pct":94.74},"branches":{"total":2,"covered":1,"skipped":0,"pct":50}}
,"D:\\www\\gostack2k20\\aulas\\GoBarber\\back-end\\src\\modules\\users\\services\\AuthenticateUserService.ts": {"lines":{"total":19,"covered":0,"skipped":0,"pct":0},"functions":{"total":3,"covered":0,"skipped":0,"pct":0},"statements":{"total":24,"covered":0,"skipped":0,"pct":0},"branches":{"total":5,"covered":0,"skipped":0,"pct":0}}
,"D:\\www\\gostack2k20\\aulas\\GoBarber\\back-end\\src\\modules\\users\\services\\CreateUserService.ts": {"lines":{"total":14,"covered":0,"skipped":0,"pct":0},"functions":{"total":3,"covered":0,"skipped":0,"pct":0},"statements":{"total":21,"covered":0,"skipped":0,"pct":0},"branches":{"total":3,"covered":0,"skipped":0,"pct":0}}
,"D:\\www\\gostack2k20\\aulas\\GoBarber\\back-end\\src\\modules\\users\\services\\UpdateUserAvatarService.ts": {"lines":{"total":21,"covered":0,"skipped":0,"pct":0},"functions":{"total":3,"covered":0,"skipped":0,"pct":0},"statements":{"total":26,"covered":0,"skipped":0,"pct":0},"branches":{"total":7,"covered":0,"skipped":0,"pct":0}}
}
